Build started 15.10.2014 15:18:53.
     1>Project "D:\Learning\OpenGL\OpenGL4\Article05\Article5\Article5.vcxproj" on node 2 (Build target(s)).
     1>InitializeBuildStatus:
         Creating "Release\Article5.unsuccessfulbuild" because "AlwaysCreate" was specified.
       ClCompile:
         C:\Program Files (x86)\Microsoft Visual Studio 11.0\VC\bin\CL.exe /c /Zi /nologo /W3 /WX- /O2 /Oy- /D WIN32 /D NDEBUG /D _WINDOWS /D _UNICODE /D UNICODE /Gm- /EHsc /MD /GS /fp:precise /Zc:wchar_t /Zc:forScope /Fo"Release\\" /Fd"Release\vc110.pdb" /Gd /TP /analyze- /errorReport:prompt Article5.cpp shaders.cpp
         Article5.cpp
     1>d:\learning\opengl\opengl4\article05\glm\glm\gtx\string_cast.inl(30): warning C4996: 'vsprintf': This function or variable may be unsafe. Consider using vsprintf_s instead. To disable deprecation, use _CRT_SECURE_NO_WARNINGS. See online help for details.
                 C:\Program Files (x86)\Microsoft Visual Studio 11.0\VC\include\stdio.h(357) : see declaration of 'vsprintf'
     1>Article5.cpp(268): warning C4996: 'sprintf': This function or variable may be unsafe. Consider using sprintf_s instead. To disable deprecation, use _CRT_SECURE_NO_WARNINGS. See online help for details.
                 C:\Program Files (x86)\Microsoft Visual Studio 11.0\VC\include\stdio.h(357) : see declaration of 'sprintf'
     1>Article5.cpp(269): warning C4996: 'sprintf': This function or variable may be unsafe. Consider using sprintf_s instead. To disable deprecation, use _CRT_SECURE_NO_WARNINGS. See online help for details.
                 C:\Program Files (x86)\Microsoft Visual Studio 11.0\VC\include\stdio.h(357) : see declaration of 'sprintf'
         shaders.cpp
     1>shaders.cpp(26): warning C4996: 'fopen': This function or variable may be unsafe. Consider using fopen_s instead. To disable deprecation, use _CRT_SECURE_NO_WARNINGS. See online help for details.
                 C:\Program Files (x86)\Microsoft Visual Studio 11.0\VC\include\stdio.h(218) : see declaration of 'fopen'
     1>shaders.cpp(38): warning C4996: 'strcpy': This function or variable may be unsafe. Consider using strcpy_s instead. To disable deprecation, use _CRT_SECURE_NO_WARNINGS. See online help for details.
                 C:\Program Files (x86)\Microsoft Visual Studio 11.0\VC\include\string.h(110) : see declaration of 'strcpy'
         Generating Code...
       Link:
         C:\Program Files (x86)\Microsoft Visual Studio 11.0\VC\bin\link.exe /ERRORREPORT:PROMPT /OUT:"D:\Learning\OpenGL\OpenGL4\Article05\Article5\Release\Article5.exe" /INCREMENTAL /NOLOGO glew32.lib kernel32.lib user32.lib gdi32.lib winspool.lib comdlg32.lib advapi32.lib shell32.lib ole32.lib oleaut32.lib uuid.lib odbc32.lib odbccp32.lib /MANIFEST /MANIFESTUAC:"level='asInvoker' uiAccess='false'" /manifest:embed /DEBUG /PDB:"D:\Learning\OpenGL\OpenGL4\Article05\Article5\Release\Article5.pdb" /SUBSYSTEM:WINDOWS /OPT:REF /OPT:ICF /TLBID:1 /DYNAMICBASE /NXCOMPAT /IMPLIB:"D:\Learning\OpenGL\OpenGL4\Article05\Article5\Release\Article5.lib" /MACHINE:X86 /SAFESEH Release\Article5.obj
         Release\shaders.obj
     1>LINK : warning LNK4075: ignoring '/INCREMENTAL' due to '/OPT:ICF' specification
         Article5.vcxproj -> D:\Learning\OpenGL\OpenGL4\Article05\Article5\Release\Article5.exe
       FinalizeBuildStatus:
         Deleting file "Release\Article5.unsuccessfulbuild".
         Touching "Release\Article5.lastbuildstate".
     1>Done Building Project "D:\Learning\OpenGL\OpenGL4\Article05\Article5\Article5.vcxproj" (Build target(s)).

Build succeeded.

Time Elapsed 00:00:04.46
